2021-08-25 13:50:28.128  INFO 4068 --- [main] .c.SearchEngineControllerIntegrationTest : Starting SearchEngineControllerIntegrationTest using Java 11.0.11 on CA-LHMMG9C3 with PID 4068 (started by suzan.sharifulnasaby in C:\Learning\Team10\gipher\searchservice)
2021-08-25 13:50:28.131  INFO 4068 --- [main] .c.SearchEngineControllerIntegrationTest : No active profile set, falling back to default profiles: default
2021-08-25 13:50:28.707  INFO 4068 --- [main] .s.d.r.c.RepositoryConfigurationDelegate : Bootstrapping Spring Data MongoDB repositories in DEFAULT mode.
2021-08-25 13:50:28.897  INFO 4068 --- [main] .s.d.r.c.RepositoryConfigurationDelegate : Finished Spring Data repository scanning in 187 ms. Found 1 MongoDB repository interfaces.
2021-08-25 13:50:29.675  INFO 4068 --- [main] org.mongodb.driver.cluster               : Cluster created with settings {hosts=[localhost:27017], mode=SINGLE, requiredClusterType=UNKNOWN, serverSelectionTimeout='30000 ms'}
2021-08-25 13:50:29.739  INFO 4068 --- [cluster-ClusterId{value='612682e5adaf7b2eca593aad', description='null'}-localhost:27017] org.mongodb.driver.connection            : Opened connection [connectionId{localValue:2, serverValue:10}] to localhost:27017
2021-08-25 13:50:29.739  INFO 4068 --- [cluster-rtt-ClusterId{value='612682e5adaf7b2eca593aad', description='null'}-localhost:27017] org.mongodb.driver.connection            : Opened connection [connectionId{localValue:1, serverValue:11}] to localhost:27017
2021-08-25 13:50:29.740  INFO 4068 --- [cluster-ClusterId{value='612682e5adaf7b2eca593aad', description='null'}-localhost:27017] org.mongodb.driver.cluster               : Monitor thread successfully connected to server with description ServerDescription{address=localhost:27017, type=STANDALONE, state=CONNECTED, ok=true, minWireVersion=0, maxWireVersion=13, maxDocumentSize=16777216, logicalSessionTimeoutMinutes=30, roundTripTimeNanos=21089000}
2021-08-25 13:50:30.527  INFO 4068 --- [main] o.s.s.concurrent.ThreadPoolTaskExecutor  : Initializing ExecutorService 'applicationTaskExecutor'
2021-08-25 13:50:30.940  INFO 4068 --- [main] .c.SearchEngineControllerIntegrationTest : Started SearchEngineControllerIntegrationTest in 3.219 seconds (JVM running for 4.604)
2021-08-25 13:50:31.278  INFO 4068 --- [main] c.s.s.service.SearchEngineServiceImpl    : searchstring url:   https://g.tenor.com/v1/search?q=null&key=4Y44R27LR14Q&limit=3
2021-08-25 13:50:31.280  INFO 4068 --- [main] c.s.s.service.SearchEngineServiceImpl    : User id : 1
2021-08-25 13:50:31.373  INFO 4068 --- [main] org.mongodb.driver.connection            : Opened connection [connectionId{localValue:3, serverValue:12}] to localhost:27017
2021-08-25 13:50:31.501  INFO 4068 --- [SpringContextShutdownHook] o.s.s.concurrent.ThreadPoolTaskExecutor  : Shutting down ExecutorService 'applicationTaskExecutor'
2021-08-25 13:50:31.508  INFO 4068 --- [SpringContextShutdownHook] org.mongodb.driver.connection            : Closed connection [connectionId{localValue:3, serverValue:12}] to localhost:27017 because the pool has been closed.
2021-08-25 13:51:27.599  INFO 5068 --- [main] .c.SearchEngineControllerIntegrationTest : Starting SearchEngineControllerIntegrationTest using Java 11.0.11 on CA-LHMMG9C3 with PID 5068 (started by suzan.sharifulnasaby in C:\Learning\Team10\gipher\searchservice)
2021-08-25 13:51:27.605  INFO 5068 --- [main] .c.SearchEngineControllerIntegrationTest : No active profile set, falling back to default profiles: default
2021-08-25 13:51:28.475  INFO 5068 --- [main] .s.d.r.c.RepositoryConfigurationDelegate : Bootstrapping Spring Data MongoDB repositories in DEFAULT mode.
2021-08-25 13:51:28.712  INFO 5068 --- [main] .s.d.r.c.RepositoryConfigurationDelegate : Finished Spring Data repository scanning in 231 ms. Found 1 MongoDB repository interfaces.
2021-08-25 13:51:29.695  INFO 5068 --- [main] org.mongodb.driver.cluster               : Cluster created with settings {hosts=[localhost:27017], mode=SINGLE, requiredClusterType=UNKNOWN, serverSelectionTimeout='30000 ms'}
2021-08-25 13:51:29.765  INFO 5068 --- [cluster-ClusterId{value='61268321b5b6006e035b1473', description='null'}-localhost:27017] org.mongodb.driver.connection            : Opened connection [connectionId{localValue:1, serverValue:14}] to localhost:27017
2021-08-25 13:51:29.765  INFO 5068 --- [cluster-rtt-ClusterId{value='61268321b5b6006e035b1473', description='null'}-localhost:27017] org.mongodb.driver.connection            : Opened connection [connectionId{localValue:2, serverValue:13}] to localhost:27017
2021-08-25 13:51:29.767  INFO 5068 --- [cluster-ClusterId{value='61268321b5b6006e035b1473', description='null'}-localhost:27017] org.mongodb.driver.cluster               : Monitor thread successfully connected to server with description ServerDescription{address=localhost:27017, type=STANDALONE, state=CONNECTED, ok=true, minWireVersion=0, maxWireVersion=13, maxDocumentSize=16777216, logicalSessionTimeoutMinutes=30, roundTripTimeNanos=21803500}
2021-08-25 13:51:30.714  INFO 5068 --- [main] o.s.s.concurrent.ThreadPoolTaskExecutor  : Initializing ExecutorService 'applicationTaskExecutor'
2021-08-25 13:51:31.280  INFO 5068 --- [main] .c.SearchEngineControllerIntegrationTest : Started SearchEngineControllerIntegrationTest in 4.333 seconds (JVM running for 6.114)
2021-08-25 13:51:31.853  INFO 5068 --- [main] c.s.s.service.SearchEngineServiceImpl    : searchstring url:   https://g.tenor.com/v1/search?q=null&key=4Y44R27LR14Q&limit=3
2021-08-25 13:51:31.857  INFO 5068 --- [main] c.s.s.service.SearchEngineServiceImpl    : User id : 1
2021-08-25 13:51:31.978  INFO 5068 --- [main] org.mongodb.driver.connection            : Opened connection [connectionId{localValue:3, serverValue:15}] to localhost:27017
2021-08-25 13:51:32.048  INFO 5068 --- [main] c.s.s.service.SearchEngineServiceImpl    : User exists:  1adding new searchTerm
2021-08-25 13:51:32.177  INFO 5068 --- [SpringContextShutdownHook] o.s.s.concurrent.ThreadPoolTaskExecutor  : Shutting down ExecutorService 'applicationTaskExecutor'
2021-08-25 13:51:32.184  INFO 5068 --- [SpringContextShutdownHook] org.mongodb.driver.connection            : Closed connection [connectionId{localValue:3, serverValue:15}] to localhost:27017 because the pool has been closed.
2021-08-25 13:53:40.320  INFO 19152 --- [main] .c.SearchEngineControllerIntegrationTest : Starting SearchEngineControllerIntegrationTest using Java 11.0.11 on CA-LHMMG9C3 with PID 19152 (started by suzan.sharifulnasaby in C:\Learning\Team10\gipher\searchservice)
2021-08-25 13:53:40.324  INFO 19152 --- [main] .c.SearchEngineControllerIntegrationTest : No active profile set, falling back to default profiles: default
2021-08-25 13:53:41.206  INFO 19152 --- [main] .s.d.r.c.RepositoryConfigurationDelegate : Bootstrapping Spring Data MongoDB repositories in DEFAULT mode.
2021-08-25 13:53:41.446  INFO 19152 --- [main] .s.d.r.c.RepositoryConfigurationDelegate : Finished Spring Data repository scanning in 234 ms. Found 1 MongoDB repository interfaces.
2021-08-25 13:53:42.465  INFO 19152 --- [main] org.mongodb.driver.cluster               : Cluster created with settings {hosts=[localhost:27017], mode=SINGLE, requiredClusterType=UNKNOWN, serverSelectionTimeout='30000 ms'}
2021-08-25 13:53:42.534  INFO 19152 --- [cluster-ClusterId{value='612683a6afd61b143374b2df', description='null'}-localhost:27017] org.mongodb.driver.connection            : Opened connection [connectionId{localValue:1, serverValue:16}] to localhost:27017
2021-08-25 13:53:42.534  INFO 19152 --- [cluster-rtt-ClusterId{value='612683a6afd61b143374b2df', description='null'}-localhost:27017] org.mongodb.driver.connection            : Opened connection [connectionId{localValue:2, serverValue:17}] to localhost:27017
2021-08-25 13:53:42.536  INFO 19152 --- [cluster-ClusterId{value='612683a6afd61b143374b2df', description='null'}-localhost:27017] org.mongodb.driver.cluster               : Monitor thread successfully connected to server with description ServerDescription{address=localhost:27017, type=STANDALONE, state=CONNECTED, ok=true, minWireVersion=0, maxWireVersion=13, maxDocumentSize=16777216, logicalSessionTimeoutMinutes=30, roundTripTimeNanos=22381500}
2021-08-25 13:53:43.586  INFO 19152 --- [main] o.s.s.concurrent.ThreadPoolTaskExecutor  : Initializing ExecutorService 'applicationTaskExecutor'
2021-08-25 13:53:44.121  INFO 19152 --- [main] .c.SearchEngineControllerIntegrationTest : Started SearchEngineControllerIntegrationTest in 4.487 seconds (JVM running for 6.324)
2021-08-25 13:53:44.630  INFO 19152 --- [main] c.s.s.service.SearchEngineServiceImpl    : searchstring url:   https://g.tenor.com/v1/search?q=book&key=4Y44R27LR14Q&limit=3
2021-08-25 13:53:44.633  INFO 19152 --- [main] c.s.s.service.SearchEngineServiceImpl    : User id : 1
2021-08-25 13:53:44.740  INFO 19152 --- [main] org.mongodb.driver.connection            : Opened connection [connectionId{localValue:3, serverValue:18}] to localhost:27017
2021-08-25 13:53:44.799  INFO 19152 --- [main] c.s.s.service.SearchEngineServiceImpl    : User exists:  1adding new searchTerm
2021-08-25 13:53:44.897  INFO 19152 --- [SpringContextShutdownHook] o.s.s.concurrent.ThreadPoolTaskExecutor  : Shutting down ExecutorService 'applicationTaskExecutor'
2021-08-25 13:53:44.902  INFO 19152 --- [SpringContextShutdownHook] org.mongodb.driver.connection            : Closed connection [connectionId{localValue:3, serverValue:18}] to localhost:27017 because the pool has been closed.
2021-08-25 13:54:36.530  INFO 5728 --- [main] .c.SearchEngineControllerIntegrationTest : Starting SearchEngineControllerIntegrationTest using Java 11.0.11 on CA-LHMMG9C3 with PID 5728 (started by suzan.sharifulnasaby in C:\Learning\Team10\gipher\searchservice)
2021-08-25 13:54:36.533  INFO 5728 --- [main] .c.SearchEngineControllerIntegrationTest : No active profile set, falling back to default profiles: default
2021-08-25 13:54:37.082  INFO 5728 --- [main] .s.d.r.c.RepositoryConfigurationDelegate : Bootstrapping Spring Data MongoDB repositories in DEFAULT mode.
2021-08-25 13:54:37.242  INFO 5728 --- [main] .s.d.r.c.RepositoryConfigurationDelegate : Finished Spring Data repository scanning in 156 ms. Found 1 MongoDB repository interfaces.
2021-08-25 13:54:38.047  INFO 5728 --- [main] org.mongodb.driver.cluster               : Cluster created with settings {hosts=[localhost:27017], mode=SINGLE, requiredClusterType=UNKNOWN, serverSelectionTimeout='30000 ms'}
2021-08-25 13:54:38.110  INFO 5728 --- [cluster-ClusterId{value='612683de249cda790aa052d9', description='null'}-localhost:27017] org.mongodb.driver.connection            : Opened connection [connectionId{localValue:1, serverValue:19}] to localhost:27017
2021-08-25 13:54:38.110  INFO 5728 --- [cluster-rtt-ClusterId{value='612683de249cda790aa052d9', description='null'}-localhost:27017] org.mongodb.driver.connection            : Opened connection [connectionId{localValue:2, serverValue:20}] to localhost:27017
2021-08-25 13:54:38.112  INFO 5728 --- [cluster-ClusterId{value='612683de249cda790aa052d9', description='null'}-localhost:27017] org.mongodb.driver.cluster               : Monitor thread successfully connected to server with description ServerDescription{address=localhost:27017, type=STANDALONE, state=CONNECTED, ok=true, minWireVersion=0, maxWireVersion=13, maxDocumentSize=16777216, logicalSessionTimeoutMinutes=30, roundTripTimeNanos=19490600}
2021-08-25 13:54:38.862  INFO 5728 --- [main] o.s.s.concurrent.ThreadPoolTaskExecutor  : Initializing ExecutorService 'applicationTaskExecutor'
2021-08-25 13:54:39.287  INFO 5728 --- [main] .c.SearchEngineControllerIntegrationTest : Started SearchEngineControllerIntegrationTest in 3.142 seconds (JVM running for 4.406)
2021-08-25 13:54:39.635  INFO 5728 --- [main] c.s.s.service.SearchEngineServiceImpl    : searchstring url:   https://g.tenor.com/v1/search?q=book&key=4Y44R27LR14Q&limit=3
2021-08-25 13:54:39.637  INFO 5728 --- [main] c.s.s.service.SearchEngineServiceImpl    : User id : 1
2021-08-25 13:54:39.710  INFO 5728 --- [main] org.mongodb.driver.connection            : Opened connection [connectionId{localValue:3, serverValue:21}] to localhost:27017
2021-08-25 13:54:39.749  INFO 5728 --- [main] c.s.s.service.SearchEngineServiceImpl    : User exists:  1adding new searchTerm
2021-08-25 13:54:39.809  INFO 5728 --- [SpringContextShutdownHook] o.s.s.concurrent.ThreadPoolTaskExecutor  : Shutting down ExecutorService 'applicationTaskExecutor'
2021-08-25 13:54:39.813  INFO 5728 --- [SpringContextShutdownHook] org.mongodb.driver.connection            : Closed connection [connectionId{localValue:3, serverValue:21}] to localhost:27017 because the pool has been closed.
2021-08-25 13:55:18.385  INFO 13656 --- [main] .c.SearchEngineControllerIntegrationTest : Starting SearchEngineControllerIntegrationTest using Java 11.0.11 on CA-LHMMG9C3 with PID 13656 (started by suzan.sharifulnasaby in C:\Learning\Team10\gipher\searchservice)
2021-08-25 13:55:18.389  INFO 13656 --- [main] .c.SearchEngineControllerIntegrationTest : No active profile set, falling back to default profiles: default
2021-08-25 13:55:19.289  INFO 13656 --- [main] .s.d.r.c.RepositoryConfigurationDelegate : Bootstrapping Spring Data MongoDB repositories in DEFAULT mode.
2021-08-25 13:55:19.519  INFO 13656 --- [main] .s.d.r.c.RepositoryConfigurationDelegate : Finished Spring Data repository scanning in 225 ms. Found 1 MongoDB repository interfaces.
2021-08-25 13:55:20.500  INFO 13656 --- [main] org.mongodb.driver.cluster               : Cluster created with settings {hosts=[localhost:27017], mode=SINGLE, requiredClusterType=UNKNOWN, serverSelectionTimeout='30000 ms'}
2021-08-25 13:55:20.570  INFO 13656 --- [cluster-rtt-ClusterId{value='612684084416cd73feb469c7', description='null'}-localhost:27017] org.mongodb.driver.connection            : Opened connection [connectionId{localValue:1, serverValue:23}] to localhost:27017
2021-08-25 13:55:20.570  INFO 13656 --- [cluster-ClusterId{value='612684084416cd73feb469c7', description='null'}-localhost:27017] org.mongodb.driver.connection            : Opened connection [connectionId{localValue:2, serverValue:22}] to localhost:27017
2021-08-25 13:55:20.573  INFO 13656 --- [cluster-ClusterId{value='612684084416cd73feb469c7', description='null'}-localhost:27017] org.mongodb.driver.cluster               : Monitor thread successfully connected to server with description ServerDescription{address=localhost:27017, type=STANDALONE, state=CONNECTED, ok=true, minWireVersion=0, maxWireVersion=13, maxDocumentSize=16777216, logicalSessionTimeoutMinutes=30, roundTripTimeNanos=23795600}
2021-08-25 13:55:21.529  INFO 13656 --- [main] o.s.s.concurrent.ThreadPoolTaskExecutor  : Initializing ExecutorService 'applicationTaskExecutor'
2021-08-25 13:55:22.118  INFO 13656 --- [main] .c.SearchEngineControllerIntegrationTest : Started SearchEngineControllerIntegrationTest in 4.403 seconds (JVM running for 6.38)
2021-08-25 13:55:22.742  INFO 13656 --- [main] org.mongodb.driver.connection            : Opened connection [connectionId{localValue:3, serverValue:24}] to localhost:27017
2021-08-25 13:55:22.852  INFO 13656 --- [SpringContextShutdownHook] o.s.s.concurrent.ThreadPoolTaskExecutor  : Shutting down ExecutorService 'applicationTaskExecutor'
2021-08-25 13:55:22.858  INFO 13656 --- [SpringContextShutdownHook] org.mongodb.driver.connection            : Closed connection [connectionId{localValue:3, serverValue:24}] to localhost:27017 because the pool has been closed.
2021-08-25 13:55:51.838  INFO 4400 --- [main] c.s.s.r.SearchRepositoryIntegrationTest  : Starting SearchRepositoryIntegrationTest using Java 11.0.11 on CA-LHMMG9C3 with PID 4400 (started by suzan.sharifulnasaby in C:\Learning\Team10\gipher\searchservice)
2021-08-25 13:55:51.841  INFO 4400 --- [main] c.s.s.r.SearchRepositoryIntegrationTest  : No active profile set, falling back to default profiles: default
2021-08-25 13:55:52.631  INFO 4400 --- [main] .s.d.r.c.RepositoryConfigurationDelegate : Bootstrapping Spring Data MongoDB repositories in DEFAULT mode.
2021-08-25 13:55:52.871  INFO 4400 --- [main] .s.d.r.c.RepositoryConfigurationDelegate : Finished Spring Data repository scanning in 234 ms. Found 1 MongoDB repository interfaces.
2021-08-25 13:55:53.859  INFO 4400 --- [main] org.mongodb.driver.cluster               : Cluster created with settings {hosts=[localhost:27017], mode=SINGLE, requiredClusterType=UNKNOWN, serverSelectionTimeout='30000 ms'}
2021-08-25 13:55:53.942  INFO 4400 --- [cluster-rtt-ClusterId{value='612684296479493798b33561', description='null'}-localhost:27017] org.mongodb.driver.connection            : Opened connection [connectionId{localValue:2, serverValue:25}] to localhost:27017
2021-08-25 13:55:53.942  INFO 4400 --- [cluster-ClusterId{value='612684296479493798b33561', description='null'}-localhost:27017] org.mongodb.driver.connection            : Opened connection [connectionId{localValue:1, serverValue:26}] to localhost:27017
2021-08-25 13:55:53.944  INFO 4400 --- [cluster-ClusterId{value='612684296479493798b33561', description='null'}-localhost:27017] org.mongodb.driver.cluster               : Monitor thread successfully connected to server with description ServerDescription{address=localhost:27017, type=STANDALONE, state=CONNECTED, ok=true, minWireVersion=0, maxWireVersion=13, maxDocumentSize=16777216, logicalSessionTimeoutMinutes=30, roundTripTimeNanos=28211900}
2021-08-25 13:55:55.122  INFO 4400 --- [main] o.s.s.concurrent.ThreadPoolTaskExecutor  : Initializing ExecutorService 'applicationTaskExecutor'
2021-08-25 13:55:55.683  INFO 4400 --- [main] c.s.s.r.SearchRepositoryIntegrationTest  : Started SearchRepositoryIntegrationTest in 4.399 seconds (JVM running for 5.93)
2021-08-25 13:55:56.279  INFO 4400 --- [main] org.mongodb.driver.connection            : Opened connection [connectionId{localValue:3, serverValue:27}] to localhost:27017
2021-08-25 13:55:56.344  INFO 4400 --- [main] .b.t.c.SpringBootTestContextBootstrapper : Neither @ContextConfiguration nor @ContextHierarchy found for test class [com.stackroute.searchservice.controller.SearchEngineControllerIntegrationTest], using SpringBootContextLoader
2021-08-25 13:55:56.346  INFO 4400 --- [main] o.s.t.c.support.AbstractContextLoader    : Could not detect default resource locations for test class [com.stackroute.searchservice.controller.SearchEngineControllerIntegrationTest]: no resource found for suffixes {-context.xml, Context.groovy}.
2021-08-25 13:55:56.346  INFO 4400 --- [main] t.c.s.AnnotationConfigContextLoaderUtils : Could not detect default configuration classes for test class [com.stackroute.searchservice.controller.SearchEngineControllerIntegrationTest]: SearchEngineControllerIntegrationTest does not declare any static, non-private, non-final, nested classes annotated with @Configuration.
2021-08-25 13:55:56.362  INFO 4400 --- [main] .b.t.c.SpringBootTestContextBootstrapper : Found @SpringBootConfiguration com.stackroute.searchservice.SearchserviceApplication for test class com.stackroute.searchservice.controller.SearchEngineControllerIntegrationTest
2021-08-25 13:55:56.364  INFO 4400 --- [main] .b.t.c.SpringBootTestContextBootstrapper : Loaded default TestExecutionListener class names from location [META-INF/spring.factories]: [org.springframework.boot.test.mock.mockito.MockitoTestExecutionListener, org.springframework.boot.test.mock.mockito.ResetMocksTestExecutionListener, org.springframework.boot.test.autoconfigure.restdocs.RestDocsTestExecutionListener, org.springframework.boot.test.autoconfigure.web.client.MockRestServiceServerResetTestExecutionListener, org.springframework.boot.test.autoconfigure.web.servlet.MockMvcPrintOnlyOnFailureTestExecutionListener, org.springframework.boot.test.autoconfigure.web.servlet.WebDriverTestExecutionListener, org.springframework.boot.test.autoconfigure.webservices.client.MockWebServiceServerTestExecutionListener, org.springframework.test.context.web.ServletTestExecutionListener, org.springframework.test.context.support.DirtiesContextBeforeModesTestExecutionListener, org.springframework.test.context.support.DependencyInjectionTestExecutionListener, org.springframework.test.context.support.DirtiesContextTestExecutionListener, org.springframework.test.context.transaction.TransactionalTestExecutionListener, org.springframework.test.context.jdbc.SqlScriptsTestExecutionListener, org.springframework.test.context.event.EventPublishingTestExecutionListener]
2021-08-25 13:55:56.365  INFO 4400 --- [main] .b.t.c.SpringBootTestContextBootstrapper : Using TestExecutionListeners: [org.springframework.test.context.web.ServletTestExecutionListener@57b130f6, org.springframework.test.context.support.DirtiesContextBeforeModesTestExecutionListener@67e4928c, org.springframework.boot.test.mock.mockito.MockitoTestExecutionListener@2cc61b3b, org.springframework.boot.test.autoconfigure.SpringBootDependencyInjectionTestExecutionListener@72e75786, org.springframework.test.context.support.DirtiesContextTestExecutionListener@2c0fefac, org.springframework.test.context.transaction.TransactionalTestExecutionListener@6fbc7853, org.springframework.test.context.jdbc.SqlScriptsTestExecutionListener@733fa95c, org.springframework.test.context.event.EventPublishingTestExecutionListener@3b2c8bda, org.springframework.boot.test.mock.mockito.ResetMocksTestExecutionListener@688d619c, org.springframework.boot.test.autoconfigure.restdocs.RestDocsTestExecutionListener@647ff23e, org.springframework.boot.test.autoconfigure.web.client.MockRestServiceServerResetTestExecutionListener@6a04d2a4, org.springframework.boot.test.autoconfigure.web.servlet.MockMvcPrintOnlyOnFailureTestExecutionListener@35a9e665, org.springframework.boot.test.autoconfigure.web.servlet.WebDriverTestExecutionListener@362be0cd, org.springframework.boot.test.autoconfigure.webservices.client.MockWebServiceServerTestExecutionListener@2dde0a34]
2021-08-25 13:55:56.447  INFO 4400 --- [main] c.s.s.service.SearchEngineServiceImpl    : searchstring url:   https://g.tenor.com/v1/search?q=book&key=4Y44R27LR14Q&limit=3
2021-08-25 13:55:56.449  INFO 4400 --- [main] c.s.s.service.SearchEngineServiceImpl    : User id : 1
2021-08-25 13:55:56.941  INFO 4400 --- [main] o.s.mock.web.MockServletContext          : Initializing Spring TestDispatcherServlet ''
2021-08-25 13:55:56.941  INFO 4400 --- [main] o.s.t.web.servlet.TestDispatcherServlet  : Initializing Servlet ''
2021-08-25 13:55:56.942  INFO 4400 --- [main] o.s.t.web.servlet.TestDispatcherServlet  : Completed initialization in 1 ms
2021-08-25 13:55:57.209  INFO 4400 --- [main] o.s.mock.web.MockServletContext          : Initializing Spring TestDispatcherServlet ''
2021-08-25 13:55:57.210  INFO 4400 --- [main] o.s.t.web.servlet.TestDispatcherServlet  : Initializing Servlet ''
2021-08-25 13:55:57.210  INFO 4400 --- [main] o.s.t.web.servlet.TestDispatcherServlet  : Completed initialization in 0 ms
2021-08-25 13:55:57.237  INFO 4400 --- [main] o.s.mock.web.MockServletContext          : Initializing Spring TestDispatcherServlet ''
2021-08-25 13:55:57.237  INFO 4400 --- [main] o.s.t.web.servlet.TestDispatcherServlet  : Initializing Servlet ''
2021-08-25 13:55:57.237  INFO 4400 --- [main] o.s.t.web.servlet.TestDispatcherServlet  : Completed initialization in 0 ms
2021-08-25 13:55:57.251  INFO 4400 --- [main] .b.t.c.SpringBootTestContextBootstrapper : Neither @ContextConfiguration nor @ContextHierarchy found for test class [com.stackroute.searchservice.SearchserviceApplicationTests], using SpringBootContextLoader
2021-08-25 13:55:57.253  INFO 4400 --- [main] o.s.t.c.support.AbstractContextLoader    : Could not detect default resource locations for test class [com.stackroute.searchservice.SearchserviceApplicationTests]: no resource found for suffixes {-context.xml, Context.groovy}.
2021-08-25 13:55:57.254  INFO 4400 --- [main] t.c.s.AnnotationConfigContextLoaderUtils : Could not detect default configuration classes for test class [com.stackroute.searchservice.SearchserviceApplicationTests]: SearchserviceApplicationTests does not declare any static, non-private, non-final, nested classes annotated with @Configuration.
2021-08-25 13:55:57.263  INFO 4400 --- [main] .b.t.c.SpringBootTestContextBootstrapper : Found @SpringBootConfiguration com.stackroute.searchservice.SearchserviceApplication for test class com.stackroute.searchservice.SearchserviceApplicationTests
2021-08-25 13:55:57.265  INFO 4400 --- [main] .b.t.c.SpringBootTestContextBootstrapper : Loaded default TestExecutionListener class names from location [META-INF/spring.factories]: [org.springframework.boot.test.mock.mockito.MockitoTestExecutionListener, org.springframework.boot.test.mock.mockito.ResetMocksTestExecutionListener, org.springframework.boot.test.autoconfigure.restdocs.RestDocsTestExecutionListener, org.springframework.boot.test.autoconfigure.web.client.MockRestServiceServerResetTestExecutionListener, org.springframework.boot.test.autoconfigure.web.servlet.MockMvcPrintOnlyOnFailureTestExecutionListener, org.springframework.boot.test.autoconfigure.web.servlet.WebDriverTestExecutionListener, org.springframework.boot.test.autoconfigure.webservices.client.MockWebServiceServerTestExecutionListener, org.springframework.test.context.web.ServletTestExecutionListener, org.springframework.test.context.support.DirtiesContextBeforeModesTestExecutionListener, org.springframework.test.context.support.DependencyInjectionTestExecutionListener, org.springframework.test.context.support.DirtiesContextTestExecutionListener, org.springframework.test.context.transaction.TransactionalTestExecutionListener, org.springframework.test.context.jdbc.SqlScriptsTestExecutionListener, org.springframework.test.context.event.EventPublishingTestExecutionListener]
2021-08-25 13:55:57.266  INFO 4400 --- [main] .b.t.c.SpringBootTestContextBootstrapper : Using TestExecutionListeners: [org.springframework.test.context.web.ServletTestExecutionListener@5af56240, org.springframework.test.context.support.DirtiesContextBeforeModesTestExecutionListener@2314cd97, org.springframework.boot.test.mock.mockito.MockitoTestExecutionListener@51dbed72, org.springframework.boot.test.autoconfigure.SpringBootDependencyInjectionTestExecutionListener@64e89bb2, org.springframework.test.context.support.DirtiesContextTestExecutionListener@15fe020d, org.springframework.test.context.transaction.TransactionalTestExecutionListener@10830d50, org.springframework.test.context.jdbc.SqlScriptsTestExecutionListener@1e3dc24f, org.springframework.test.context.event.EventPublishingTestExecutionListener@3ea8ff31, org.springframework.boot.test.mock.mockito.ResetMocksTestExecutionListener@5ba36c83, org.springframework.boot.test.autoconfigure.restdocs.RestDocsTestExecutionListener@5342032a, org.springframework.boot.test.autoconfigure.web.client.MockRestServiceServerResetTestExecutionListener@239d9cb7, org.springframework.boot.test.autoconfigure.web.servlet.MockMvcPrintOnlyOnFailureTestExecutionListener@5a35ae82, org.springframework.boot.test.autoconfigure.web.servlet.WebDriverTestExecutionListener@1ab21633, org.springframework.boot.test.autoconfigure.webservices.client.MockWebServiceServerTestExecutionListener@59aa1d1c]
2021-08-25 13:55:57.344  INFO 4400 --- [SpringContextShutdownHook] o.s.s.concurrent.ThreadPoolTaskExecutor  : Shutting down ExecutorService 'applicationTaskExecutor'
2021-08-25 13:55:57.351  INFO 4400 --- [SpringContextShutdownHook] org.mongodb.driver.connection            : Closed connection [connectionId{localValue:3, serverValue:27}] to localhost:27017 because the pool has been closed.
2021-08-25 14:00:35.537  INFO 10948 --- [main] c.s.s.r.SearchRepositoryIntegrationTest  : Starting SearchRepositoryIntegrationTest using Java 11.0.11 on CA-LHMMG9C3 with PID 10948 (started by suzan.sharifulnasaby in C:\Learning\Team10\gipher\searchservice)
2021-08-25 14:00:35.540  INFO 10948 --- [main] c.s.s.r.SearchRepositoryIntegrationTest  : No active profile set, falling back to default profiles: default
2021-08-25 14:00:36.159  INFO 10948 --- [main] .s.d.r.c.RepositoryConfigurationDelegate : Bootstrapping Spring Data MongoDB repositories in DEFAULT mode.
2021-08-25 14:00:36.307  INFO 10948 --- [main] .s.d.r.c.RepositoryConfigurationDelegate : Finished Spring Data repository scanning in 143 ms. Found 1 MongoDB repository interfaces.
2021-08-25 14:00:37.046  INFO 10948 --- [main] org.mongodb.driver.cluster               : Cluster created with settings {hosts=[localhost:27017], mode=SINGLE, requiredClusterType=UNKNOWN, serverSelectionTimeout='30000 ms'}
2021-08-25 14:00:37.114  INFO 10948 --- [cluster-rtt-ClusterId{value='612685450f8d8b6a20e936ff', description='null'}-localhost:27017] org.mongodb.driver.connection            : Opened connection [connectionId{localValue:1, serverValue:28}] to localhost:27017
2021-08-25 14:00:37.114  INFO 10948 --- [cluster-ClusterId{value='612685450f8d8b6a20e936ff', description='null'}-localhost:27017] org.mongodb.driver.connection            : Opened connection [connectionId{localValue:2, serverValue:29}] to localhost:27017
2021-08-25 14:00:37.116  INFO 10948 --- [cluster-ClusterId{value='612685450f8d8b6a20e936ff', description='null'}-localhost:27017] org.mongodb.driver.cluster               : Monitor thread successfully connected to server with description ServerDescription{address=localhost:27017, type=STANDALONE, state=CONNECTED, ok=true, minWireVersion=0, maxWireVersion=13, maxDocumentSize=16777216, logicalSessionTimeoutMinutes=30, roundTripTimeNanos=24088100}
2021-08-25 14:00:37.844  INFO 10948 --- [main] o.s.s.concurrent.ThreadPoolTaskExecutor  : Initializing ExecutorService 'applicationTaskExecutor'
2021-08-25 14:00:38.261  INFO 10948 --- [main] c.s.s.r.SearchRepositoryIntegrationTest  : Started SearchRepositoryIntegrationTest in 3.166 seconds (JVM running for 4.436)
2021-08-25 14:00:38.680  INFO 10948 --- [main] org.mongodb.driver.connection            : Opened connection [connectionId{localValue:3, serverValue:30}] to localhost:27017
2021-08-25 14:00:38.793  INFO 10948 --- [SpringContextShutdownHook] o.s.s.concurrent.ThreadPoolTaskExecutor  : Shutting down ExecutorService 'applicationTaskExecutor'
2021-08-25 14:00:38.797  INFO 10948 --- [SpringContextShutdownHook] org.mongodb.driver.connection            : Closed connection [connectionId{localValue:3, serverValue:30}] to localhost:27017 because the pool has been closed.
2021-08-25 15:02:19.461  INFO 15928 --- [main] c.s.s.r.SearchRepositoryIntegrationTest  : Starting SearchRepositoryIntegrationTest using Java 11.0.11 on CA-LHMMG9C3 with PID 15928 (started by suzan.sharifulnasaby in C:\Learning\Team10\gipher\searchservice)
2021-08-25 15:02:19.464  INFO 15928 --- [main] c.s.s.r.SearchRepositoryIntegrationTest  : No active profile set, falling back to default profiles: default
2021-08-25 15:02:20.018  INFO 15928 --- [main] .s.d.r.c.RepositoryConfigurationDelegate : Bootstrapping Spring Data MongoDB repositories in DEFAULT mode.
2021-08-25 15:02:20.178  INFO 15928 --- [main] .s.d.r.c.RepositoryConfigurationDelegate : Finished Spring Data repository scanning in 157 ms. Found 1 MongoDB repository interfaces.
2021-08-25 15:02:20.949  INFO 15928 --- [main] org.mongodb.driver.cluster               : Cluster created with settings {hosts=[localhost:27017], mode=SINGLE, requiredClusterType=UNKNOWN, serverSelectionTimeout='30000 ms'}
2021-08-25 15:02:21.009  INFO 15928 --- [cluster-ClusterId{value='612693bc4de11552b61dcf0b', description='null'}-localhost:27017] org.mongodb.driver.connection            : Opened connection [connectionId{localValue:1, serverValue:31}] to localhost:27017
2021-08-25 15:02:21.009  INFO 15928 --- [cluster-rtt-ClusterId{value='612693bc4de11552b61dcf0b', description='null'}-localhost:27017] org.mongodb.driver.connection            : Opened connection [connectionId{localValue:2, serverValue:32}] to localhost:27017
2021-08-25 15:02:21.011  INFO 15928 --- [cluster-ClusterId{value='612693bc4de11552b61dcf0b', description='null'}-localhost:27017] org.mongodb.driver.cluster               : Monitor thread successfully connected to server with description ServerDescription{address=localhost:27017, type=STANDALONE, state=CONNECTED, ok=true, minWireVersion=0, maxWireVersion=13, maxDocumentSize=16777216, logicalSessionTimeoutMinutes=30, roundTripTimeNanos=20029100}
2021-08-25 15:02:21.733  INFO 15928 --- [main] o.s.s.concurrent.ThreadPoolTaskExecutor  : Initializing ExecutorService 'applicationTaskExecutor'
2021-08-25 15:02:22.185  INFO 15928 --- [main] c.s.s.r.SearchRepositoryIntegrationTest  : Started SearchRepositoryIntegrationTest in 3.124 seconds (JVM running for 4.351)
2021-08-25 15:02:22.630  INFO 15928 --- [main] org.mongodb.driver.connection            : Opened connection [connectionId{localValue:3, serverValue:33}] to localhost:27017
2021-08-25 15:02:22.731  INFO 15928 --- [SpringContextShutdownHook] o.s.s.concurrent.ThreadPoolTaskExecutor  : Shutting down ExecutorService 'applicationTaskExecutor'
2021-08-25 15:02:22.735  INFO 15928 --- [SpringContextShutdownHook] org.mongodb.driver.connection            : Closed connection [connectionId{localValue:3, serverValue:33}] to localhost:27017 because the pool has been closed.
2021-08-25 15:02:34.207  INFO 6784 --- [main] c.s.s.r.SearchRepositoryIntegrationTest  : Starting SearchRepositoryIntegrationTest using Java 11.0.11 on CA-LHMMG9C3 with PID 6784 (started by suzan.sharifulnasaby in C:\Learning\Team10\gipher\searchservice)
2021-08-25 15:02:34.211  INFO 6784 --- [main] c.s.s.r.SearchRepositoryIntegrationTest  : No active profile set, falling back to default profiles: default
2021-08-25 15:02:34.935  INFO 6784 --- [main] .s.d.r.c.RepositoryConfigurationDelegate : Bootstrapping Spring Data MongoDB repositories in DEFAULT mode.
2021-08-25 15:02:35.132  INFO 6784 --- [main] .s.d.r.c.RepositoryConfigurationDelegate : Finished Spring Data repository scanning in 192 ms. Found 1 MongoDB repository interfaces.
2021-08-25 15:02:36.081  INFO 6784 --- [main] org.mongodb.driver.cluster               : Cluster created with settings {hosts=[localhost:27017], mode=SINGLE, requiredClusterType=UNKNOWN, serverSelectionTimeout='30000 ms'}
2021-08-25 15:02:36.149  INFO 6784 --- [cluster-ClusterId{value='612693cc33a434406714176e', description='null'}-localhost:27017] org.mongodb.driver.connection            : Opened connection [connectionId{localValue:2, serverValue:34}] to localhost:27017
2021-08-25 15:02:36.149  INFO 6784 --- [cluster-rtt-ClusterId{value='612693cc33a434406714176e', description='null'}-localhost:27017] org.mongodb.driver.connection            : Opened connection [connectionId{localValue:1, serverValue:35}] to localhost:27017
2021-08-25 15:02:36.151  INFO 6784 --- [cluster-ClusterId{value='612693cc33a434406714176e', description='null'}-localhost:27017] org.mongodb.driver.cluster               : Monitor thread successfully connected to server with description ServerDescription{address=localhost:27017, type=STANDALONE, state=CONNECTED, ok=true, minWireVersion=0, maxWireVersion=13, maxDocumentSize=16777216, logicalSessionTimeoutMinutes=30, roundTripTimeNanos=22979600}
2021-08-25 15:02:37.078  INFO 6784 --- [main] o.s.s.concurrent.ThreadPoolTaskExecutor  : Initializing ExecutorService 'applicationTaskExecutor'
2021-08-25 15:02:37.535  INFO 6784 --- [main] c.s.s.r.SearchRepositoryIntegrationTest  : Started SearchRepositoryIntegrationTest in 3.795 seconds (JVM running for 5.377)
2021-08-25 15:02:37.945  INFO 6784 --- [main] org.mongodb.driver.connection            : Opened connection [connectionId{localValue:3, serverValue:36}] to localhost:27017
2021-08-25 15:02:38.055  INFO 6784 --- [SpringContextShutdownHook] o.s.s.concurrent.ThreadPoolTaskExecutor  : Shutting down ExecutorService 'applicationTaskExecutor'
2021-08-25 15:02:38.060  INFO 6784 --- [SpringContextShutdownHook] org.mongodb.driver.connection            : Closed connection [connectionId{localValue:3, serverValue:36}] to localhost:27017 because the pool has been closed.
2021-08-25 15:02:46.628  INFO 19156 --- [main] c.s.s.r.SearchRepositoryIntegrationTest  : Starting SearchRepositoryIntegrationTest using Java 11.0.11 on CA-LHMMG9C3 with PID 19156 (started by suzan.sharifulnasaby in C:\Learning\Team10\gipher\searchservice)
2021-08-25 15:02:46.630  INFO 19156 --- [main] c.s.s.r.SearchRepositoryIntegrationTest  : No active profile set, falling back to default profiles: default
2021-08-25 15:02:47.266  INFO 19156 --- [main] .s.d.r.c.RepositoryConfigurationDelegate : Bootstrapping Spring Data MongoDB repositories in DEFAULT mode.
2021-08-25 15:02:47.419  INFO 19156 --- [main] .s.d.r.c.RepositoryConfigurationDelegate : Finished Spring Data repository scanning in 149 ms. Found 1 MongoDB repository interfaces.
2021-08-25 15:02:48.166  INFO 19156 --- [main] org.mongodb.driver.cluster               : Cluster created with settings {hosts=[localhost:27017], mode=SINGLE, requiredClusterType=UNKNOWN, serverSelectionTimeout='30000 ms'}
2021-08-25 15:02:48.228  INFO 19156 --- [cluster-rtt-ClusterId{value='612693d81f601c66f0c8beb8', description='null'}-localhost:27017] org.mongodb.driver.connection            : Opened connection [connectionId{localValue:2, serverValue:38}] to localhost:27017
2021-08-25 15:02:48.228  INFO 19156 --- [cluster-ClusterId{value='612693d81f601c66f0c8beb8', description='null'}-localhost:27017] org.mongodb.driver.connection            : Opened connection [connectionId{localValue:1, serverValue:37}] to localhost:27017
2021-08-25 15:02:48.230  INFO 19156 --- [cluster-ClusterId{value='612693d81f601c66f0c8beb8', description='null'}-localhost:27017] org.mongodb.driver.cluster               : Monitor thread successfully connected to server with description ServerDescription{address=localhost:27017, type=STANDALONE, state=CONNECTED, ok=true, minWireVersion=0, maxWireVersion=13, maxDocumentSize=16777216, logicalSessionTimeoutMinutes=30, roundTripTimeNanos=21842100}
2021-08-25 15:02:48.959  INFO 19156 --- [main] o.s.s.concurrent.ThreadPoolTaskExecutor  : Initializing ExecutorService 'applicationTaskExecutor'
2021-08-25 15:02:49.452  INFO 19156 --- [main] c.s.s.r.SearchRepositoryIntegrationTest  : Started SearchRepositoryIntegrationTest in 3.234 seconds (JVM running for 4.643)
2021-08-25 15:02:49.899  INFO 19156 --- [main] org.mongodb.driver.connection            : Opened connection [connectionId{localValue:3, serverValue:39}] to localhost:27017
2021-08-25 15:02:50.045  INFO 19156 --- [main] .b.t.c.SpringBootTestContextBootstrapper : Neither @ContextConfiguration nor @ContextHierarchy found for test class [com.stackroute.searchservice.controller.SearchEngineControllerIntegrationTest], using SpringBootContextLoader
2021-08-25 15:02:50.047  INFO 19156 --- [main] o.s.t.c.support.AbstractContextLoader    : Could not detect default resource locations for test class [com.stackroute.searchservice.controller.SearchEngineControllerIntegrationTest]: no resource found for suffixes {-context.xml, Context.groovy}.
2021-08-25 15:02:50.047  INFO 19156 --- [main] t.c.s.AnnotationConfigContextLoaderUtils : Could not detect default configuration classes for test class [com.stackroute.searchservice.controller.SearchEngineControllerIntegrationTest]: SearchEngineControllerIntegrationTest does not declare any static, non-private, non-final, nested classes annotated with @Configuration.
2021-08-25 15:02:50.062  INFO 19156 --- [main] .b.t.c.SpringBootTestContextBootstrapper : Found @SpringBootConfiguration com.stackroute.searchservice.SearchserviceApplication for test class com.stackroute.searchservice.controller.SearchEngineControllerIntegrationTest
2021-08-25 15:02:50.064  INFO 19156 --- [main] .b.t.c.SpringBootTestContextBootstrapper : Loaded default TestExecutionListener class names from location [META-INF/spring.factories]: [org.springframework.boot.test.mock.mockito.MockitoTestExecutionListener, org.springframework.boot.test.mock.mockito.ResetMocksTestExecutionListener, org.springframework.boot.test.autoconfigure.restdocs.RestDocsTestExecutionListener, org.springframework.boot.test.autoconfigure.web.client.MockRestServiceServerResetTestExecutionListener, org.springframework.boot.test.autoconfigure.web.servlet.MockMvcPrintOnlyOnFailureTestExecutionListener, org.springframework.boot.test.autoconfigure.web.servlet.WebDriverTestExecutionListener, org.springframework.boot.test.autoconfigure.webservices.client.MockWebServiceServerTestExecutionListener, org.springframework.test.context.web.ServletTestExecutionListener, org.springframework.test.context.support.DirtiesContextBeforeModesTestExecutionListener, org.springframework.test.context.support.DependencyInjectionTestExecutionListener, org.springframework.test.context.support.DirtiesContextTestExecutionListener, org.springframework.test.context.transaction.TransactionalTestExecutionListener, org.springframework.test.context.jdbc.SqlScriptsTestExecutionListener, org.springframework.test.context.event.EventPublishingTestExecutionListener]
2021-08-25 15:02:50.065  INFO 19156 --- [main] .b.t.c.SpringBootTestContextBootstrapper : Using TestExecutionListeners: [org.springframework.test.context.web.ServletTestExecutionListener@6774f264, org.springframework.test.context.support.DirtiesContextBeforeModesTestExecutionListener@2299f6d7, org.springframework.boot.test.mock.mockito.MockitoTestExecutionListener@5cd701e4, org.springframework.boot.test.autoconfigure.SpringBootDependencyInjectionTestExecutionListener@6c9151c1, org.springframework.test.context.support.DirtiesContextTestExecutionListener@2c3679e5, org.springframework.test.context.transaction.TransactionalTestExecutionListener@41f40dfa, org.springframework.test.context.jdbc.SqlScriptsTestExecutionListener@2548fc01, org.springframework.test.context.event.EventPublishingTestExecutionListener@4331be30, org.springframework.boot.test.mock.mockito.ResetMocksTestExecutionListener@5cd71ee2, org.springframework.boot.test.autoconfigure.restdocs.RestDocsTestExecutionListener@3dad535f, org.springframework.boot.test.autoconfigure.web.client.MockRestServiceServerResetTestExecutionListener@5f67181f, org.springframework.boot.test.autoconfigure.web.servlet.MockMvcPrintOnlyOnFailureTestExecutionListener@1169fdfd, org.springframework.boot.test.autoconfigure.web.servlet.WebDriverTestExecutionListener@75add13c, org.springframework.boot.test.autoconfigure.webservices.client.MockWebServiceServerTestExecutionListener@224d537d]
2021-08-25 15:02:50.099  INFO 19156 --- [main] c.s.s.service.SearchEngineServiceImpl    : searchstring url:   https://g.tenor.com/v1/search?q=book&key=4Y44R27LR14Q&limit=3
2021-08-25 15:02:50.102  INFO 19156 --- [main] c.s.s.service.SearchEngineServiceImpl    : User id : 1
2021-08-25 15:02:50.432  INFO 19156 --- [main] o.s.mock.web.MockServletContext          : Initializing Spring TestDispatcherServlet ''
2021-08-25 15:02:50.432  INFO 19156 --- [main] o.s.t.web.servlet.TestDispatcherServlet  : Initializing Servlet ''
2021-08-25 15:02:50.432  INFO 19156 --- [main] o.s.t.web.servlet.TestDispatcherServlet  : Completed initialization in 0 ms
2021-08-25 15:02:50.645  INFO 19156 --- [main] o.s.mock.web.MockServletContext          : Initializing Spring TestDispatcherServlet ''
2021-08-25 15:02:50.645  INFO 19156 --- [main] o.s.t.web.servlet.TestDispatcherServlet  : Initializing Servlet ''
2021-08-25 15:02:50.646  INFO 19156 --- [main] o.s.t.web.servlet.TestDispatcherServlet  : Completed initialization in 1 ms
2021-08-25 15:02:50.664  INFO 19156 --- [main] o.s.mock.web.MockServletContext          : Initializing Spring TestDispatcherServlet ''
2021-08-25 15:02:50.664  INFO 19156 --- [main] o.s.t.web.servlet.TestDispatcherServlet  : Initializing Servlet ''
2021-08-25 15:02:50.664  INFO 19156 --- [main] o.s.t.web.servlet.TestDispatcherServlet  : Completed initialization in 0 ms
2021-08-25 15:02:50.670  INFO 19156 --- [main] .b.t.c.SpringBootTestContextBootstrapper : Neither @ContextConfiguration nor @ContextHierarchy found for test class [com.stackroute.searchservice.SearchserviceApplicationTests], using SpringBootContextLoader
2021-08-25 15:02:50.671  INFO 19156 --- [main] o.s.t.c.support.AbstractContextLoader    : Could not detect default resource locations for test class [com.stackroute.searchservice.SearchserviceApplicationTests]: no resource found for suffixes {-context.xml, Context.groovy}.
2021-08-25 15:02:50.671  INFO 19156 --- [main] t.c.s.AnnotationConfigContextLoaderUtils : Could not detect default configuration classes for test class [com.stackroute.searchservice.SearchserviceApplicationTests]: SearchserviceApplicationTests does not declare any static, non-private, non-final, nested classes annotated with @Configuration.
2021-08-25 15:02:50.676  INFO 19156 --- [main] .b.t.c.SpringBootTestContextBootstrapper : Found @SpringBootConfiguration com.stackroute.searchservice.SearchserviceApplication for test class com.stackroute.searchservice.SearchserviceApplicationTests
2021-08-25 15:02:50.677  INFO 19156 --- [main] .b.t.c.SpringBootTestContextBootstrapper : Loaded default TestExecutionListener class names from location [META-INF/spring.factories]: [org.springframework.boot.test.mock.mockito.MockitoTestExecutionListener, org.springframework.boot.test.mock.mockito.ResetMocksTestExecutionListener, org.springframework.boot.test.autoconfigure.restdocs.RestDocsTestExecutionListener, org.springframework.boot.test.autoconfigure.web.client.MockRestServiceServerResetTestExecutionListener, org.springframework.boot.test.autoconfigure.web.servlet.MockMvcPrintOnlyOnFailureTestExecutionListener, org.springframework.boot.test.autoconfigure.web.servlet.WebDriverTestExecutionListener, org.springframework.boot.test.autoconfigure.webservices.client.MockWebServiceServerTestExecutionListener, org.springframework.test.context.web.ServletTestExecutionListener, org.springframework.test.context.support.DirtiesContextBeforeModesTestExecutionListener, org.springframework.test.context.support.DependencyInjectionTestExecutionListener, org.springframework.test.context.support.DirtiesContextTestExecutionListener, org.springframework.test.context.transaction.TransactionalTestExecutionListener, org.springframework.test.context.jdbc.SqlScriptsTestExecutionListener, org.springframework.test.context.event.EventPublishingTestExecutionListener]
2021-08-25 15:02:50.678  INFO 19156 --- [main] .b.t.c.SpringBootTestContextBootstrapper : Using TestExecutionListeners: [org.springframework.test.context.web.ServletTestExecutionListener@3f33bb6f, org.springframework.test.context.support.DirtiesContextBeforeModesTestExecutionListener@446cc036, org.springframework.boot.test.mock.mockito.MockitoTestExecutionListener@33b2ba25, org.springframework.boot.test.autoconfigure.SpringBootDependencyInjectionTestExecutionListener@6ad198c9, org.springframework.test.context.support.DirtiesContextTestExecutionListener@481bae3f, org.springframework.test.context.transaction.TransactionalTestExecutionListener@6a54aa7a, org.springframework.test.context.jdbc.SqlScriptsTestExecutionListener@4c114687, org.springframework.test.context.event.EventPublishingTestExecutionListener@2a60981c, org.springframework.boot.test.mock.mockito.ResetMocksTestExecutionListener@3f1fb139, org.springframework.boot.test.autoconfigure.restdocs.RestDocsTestExecutionListener@7057dbda, org.springframework.boot.test.autoconfigure.web.client.MockRestServiceServerResetTestExecutionListener@36349e29, org.springframework.boot.test.autoconfigure.web.servlet.MockMvcPrintOnlyOnFailureTestExecutionListener@183a508b, org.springframework.boot.test.autoconfigure.web.servlet.WebDriverTestExecutionListener@5aeebccc, org.springframework.boot.test.autoconfigure.webservices.client.MockWebServiceServerTestExecutionListener@14293540]
2021-08-25 15:02:50.709  INFO 19156 --- [SpringContextShutdownHook] o.s.s.concurrent.ThreadPoolTaskExecutor  : Shutting down ExecutorService 'applicationTaskExecutor'
2021-08-25 15:02:50.714  INFO 19156 --- [SpringContextShutdownHook] org.mongodb.driver.connection            : Closed connection [connectionId{localValue:3, serverValue:39}] to localhost:27017 because the pool has been closed.
